This is pdfTeX, Version 3.141592653-2.6-1.40.24 (TeX Live 2022 on Slackware) (preloaded format=pdflatex 2023.1.25)  23 FEB 2023 23:11
entering extended mode
 restricted \write18 enabled.
 %&-line parsing enabled.
**resultados.tex
(./resultados.tex
LaTeX2e <2022-06-01> patch level 5
L3 programming layer <2022-07-15>

! LaTeX Error: File `exam.cls' not found.

Type X to quit or <RETURN> to proceed,
or enter new name. (Default extension: cls)

Enter file name: X

! Emergency stop.
<read *> 
         
l.2 \usepackage
               [utf8]{inputenc}
*** (cannot \read from terminal in nonstop modes)

 
Here is how much of TeX's memory you used:
 23 strings out of 478023
 480 string characters out of 5845149
 298183 words of memory out of 5000000
 18575 multiletter control sequences out of 15000+600000
 469259 words of font info for 28 fonts, out of 8000000 for 9000
 1141 hyphenation exceptions out of 8191
 19i,0n,29p,84b,17s stack positions out of 10000i,1000n,20000p,200000b,200000s
!  ==> Fatal error occurred, no output PDF file produced!
